<?xml version="1.0" encoding="UTF-8"?>
<testng-results ignored="0" total="1" passed="1" failed="0" skipped="0">
  <reporter-output>
  </reporter-output>
  <suite started-at="2022-08-01T10:46:12 IST" name="Default suite" finished-at="2022-08-01T10:46:50 IST" duration-ms="37724">
    <groups>
    </groups>
    <test started-at="2022-08-01T10:46:12 IST" name="Default test" finished-at="2022-08-01T10:46:50 IST" duration-ms="37724">
      <class name="com.Demo.FileUploadAutoIT">
        <test-method signature="FileUplod()[pri:0, instance:com.Demo.FileUploadAutoIT@7a419da4]" started-at="2022-08-01T10:46:12 IST" name="FileUplod" finished-at="2022-08-01T10:46:50 IST" duration-ms="37235" status="PASS">
          <reporter-output>
          </reporter-output>
        </test-method> <!-- FileUplod -->
      </class> <!-- com.Demo.FileUploadAutoIT -->
    </test> <!-- Default test -->
  </suite> <!-- Default suite -->
</testng-results>
